Ex0's OTC Toolkit
========================================================================
CHANGE LOG
----------------------------------------------------------------------
06.12.2013 Ver 0.3.0
----------------------------------------------------------------------
	*  added some styling
	*  added menu's 
	*  Fixed a bug with the evevnt callback to gribbls privmsg
	*  Committed the name changes officially
	*  chaged the base command from /otcauth to /otctk
	
----------------------------------------------------------------------
05.28.2013 Ver 0.2.1
----------------------------------------------------------------------
	*  Changed the Name to Ex0's OTC Toolkit
	*  Began process of adding more "functionality"
	*  Created unload hook that will be needed
	   to delete menus we created.
	*  Moved this change log to its own file.
----------------------------------------------------------------------
05.28.2013 Ver 0.2.0
----------------------------------------------------------------------
	* Renamed some functions to better suite purposes.
	* Major changes to some functions.
	* Need for timer.sleep removed.
	* Server hook to catch event when gribble sends the link for the
	  auth string.
	* New server hook function adapted with ideas from nanotubes eauth
	  script. (Link to script on github - http://bit.ly/138FWvk )
----------------------------------------------------------------------
05.27.2013 Ver 0.1.4
----------------------------------------------------------------------
	* Fleshed out the help function a bit more and added some fixes
	  to the way help is displayed.
	* 
----------------------------------------------------------------------
05.26.2013 Ver 0.1.3
----------------------------------------------------------------------
	* Updated the callback function to a proper xchat style
	* Changed License to GPL
----------------------------------------------------------------------
05.26.2013 Ver 0.1.2
----------------------------------------------------------------------
	* Fixed some errors.
	* Got rid of that nagging ":unknown command" in xchat.
	* Chaged the name of some functions and variables to
	  to better describe their purpose.
	* Prepended Ex0's to the tool title.
	* Removed some of the code for debug purposes.
	* Modified some functions for better error handling
	* Started polishing off the help section
	* Added this CHANGE LOG
